app/build/outputs/logs/manifest-merger-debug-report.txt
-- Merging decision tree log ---
manifest
ADDED from AndroidManifest.xml:2:1
	xmlns:android
		ADDED from AndroidManifest.xml:2:11
	package
		ADDED from AndroidManifest.xml:3:5
		INJECTED from AndroidManifest.xml:0:0
		INJECTED from AndroidManifest.xml:0:0
	android:versionName
		ADDED from AndroidManifest.xml:5:5
	android:versionCode
		ADDED from AndroidManifest.xml:4:5
		INJECTED from AndroidManifest.xml:0:0
		INJECTED from AndroidManifest.xml:0:0
uses-sdk
ADDED from AndroidManifest.xml:7:5
	android:targetSdkVersion
		ADDED from AndroidManifest.xml:9:9
		INJECTED from AndroidManifest.xml:0:0
		INJECTED from AndroidManifest.xml:0:0
	android:minSdkVersion
		ADDED from AndroidManifest.xml:8:9
		INJECTED from AndroidManifest.xml:0:0
		INJECTED from AndroidManifest.xml:0:0
permission#com.shj.jpushdemo.permission.JPUSH_MESSAGE
ADDED from AndroidManifest.xml:10:5
	android:protectionLevel
		ADDED from AndroidManifest.xml:12:9
	android:name
		ADDED from AndroidManifest.xml:11:9
uses-permission#com.shj.jpushdemo.permission.JPUSH_MESSAGE
ADDED from AndroidManifest.xml:15:5
	android:name
		ADDED from AndroidManifest.xml:15:22
uses-permission#android.permission.RECEIVE_USER_PRESENT
ADDED from AndroidManifest.xml:16:5
	android:name
		ADDED from AndroidManifest.xml:16:22
uses-permission#android.permission.INTERNET
ADDED from AndroidManifest.xml:17:5
	android:name
		ADDED from AndroidManifest.xml:17:22
uses-permission#android.permission.WAKE_LOCK
ADDED from AndroidManifest.xml:18:5
	android:name
		ADDED from AndroidManifest.xml:18:22
uses-permission#android.permission.READ_PHONE_STATE
ADDED from AndroidManifest.xml:19:5
	android:name
		ADDED from AndroidManifest.xml:19:22
uses-permission#android.permission.WRITE_EXTERNAL_STORAGE
ADDED from AndroidManifest.xml:20:5
	android:name
		ADDED from AndroidManifest.xml:20:22
uses-permission#android.permission.READ_EXTERNAL_STORAGE
ADDED from AndroidManifest.xml:21:5
	android:name
		ADDED from AndroidManifest.xml:21:22
uses-permission#android.permission.WRITE_SETTINGS
ADDED from AndroidManifest.xml:22:5
	android:name
		ADDED from AndroidManifest.xml:22:22
uses-permission#android.permission.VIBRATE
ADDED from AndroidManifest.xml:23:5
	android:name
		ADDED from AndroidManifest.xml:23:22
uses-permission#android.permission.MOUNT_UNMOUNT_FILESYSTEMS
ADDED from AndroidManifest.xml:24:5
	android:name
		ADDED from AndroidManifest.xml:24:22
uses-permission#android.permission.ACCESS_NETWORK_STATE
ADDED from AndroidManifest.xml:25:5
	android:name
		ADDED from AndroidManifest.xml:25:22
uses-permission#android.permission.SYSTEM_ALERT_WINDOW
ADDED from AndroidManifest.xml:26:5
	android:name
		ADDED from AndroidManifest.xml:26:22
uses-permission#android.permission.ACCESS_COARSE_LOCATION
ADDED from AndroidManifest.xml:29:5
	android:name
		ADDED from AndroidManifest.xml:29:22
uses-permission#android.permission.ACCESS_WIFI_STATE
ADDED from AndroidManifest.xml:30:5
	android:name
		ADDED from AndroidManifest.xml:30:22
uses-permission#android.permission.CHANGE_WIFI_STATE
ADDED from AndroidManifest.xml:31:5
	android:name
		ADDED from AndroidManifest.xml:31:22
uses-permission#android.permission.ACCESS_FINE_LOCATION
ADDED from AndroidManifest.xml:32:5
	android:name
		ADDED from AndroidManifest.xml:32:22
uses-permission#android.permission.ACCESS_LOCATION_EXTRA_COMMANDS
ADDED from AndroidManifest.xml:33:5
	android:name
		ADDED from AndroidManifest.xml:33:22
uses-permission#android.permission.CHANGE_NETWORK_STATE
ADDED from AndroidManifest.xml:34:5
	android:name
		ADDED from AndroidManifest.xml:34:22
application
ADDED from AndroidManifest.xml:36:5
	android:label
		ADDED from AndroidManifest.xml:39:9
	android:icon
		ADDED from AndroidManifest.xml:38:9
	android:name
		ADDED from AndroidManifest.xml:37:9
activity#com.shj.jpushdemo.MainActivity
ADDED from AndroidManifest.xml:42:9
	android:label
		ADDED from AndroidManifest.xml:44:13
	android:name
		ADDED from AndroidManifest.xml:43:13
intent-filter#android.intent.action.MAIN+android.intent.category.LAUNCHER
ADDED from AndroidManifest.xml:45:13
action#android.intent.action.MAIN
ADDED from AndroidManifest.xml:46:17
	android:name
		ADDED from AndroidManifest.xml:46:25
category#android.intent.category.LAUNCHER
ADDED from AndroidManifest.xml:47:17
	android:name
		ADDED from AndroidManifest.xml:47:27
activity#cn.jpush.android.ui.PushActivity
ADDED from AndroidManifest.xml:55:9
	android:configChanges
		ADDED from AndroidManifest.xml:57:13
	android:theme
		ADDED from AndroidManifest.xml:58:13
	android:name
		ADDED from AndroidManifest.xml:56:13
intent-filter#android.intent.category.DEFAULT+cn.jpush.android.ui.PushActivity+com.shj.jpushdemo
ADDED from AndroidManifest.xml:59:13
action#cn.jpush.android.ui.PushActivity
ADDED from AndroidManifest.xml:60:17
	android:name
		ADDED from AndroidManifest.xml:60:25
category#android.intent.category.DEFAULT
ADDED from AndroidManifest.xml:62:17
	android:name
		ADDED from AndroidManifest.xml:62:27
category#com.shj.jpushdemo
ADDED from AndroidManifest.xml:63:17
	android:name
		ADDED from AndroidManifest.xml:63:27
service#cn.jpush.android.service.DownloadService
ADDED from AndroidManifest.xml:68:9
	android:exported
		ADDED from AndroidManifest.xml:71:13
	android:enabled
		ADDED from AndroidManifest.xml:70:13
	android:name
		ADDED from AndroidManifest.xml:69:13
service#cn.jpush.android.service.PushService
ADDED from AndroidManifest.xml:74:9
	android:exported
		ADDED from AndroidManifest.xml:77:13
	android:enabled
		ADDED from AndroidManifest.xml:76:13
	android:name
		ADDED from AndroidManifest.xml:75:13
intent-filter#cn.jpush.android.intent.PUSH_TIME+cn.jpush.android.intent.PushService+cn.jpush.android.intent.REGISTER+cn.jpush.android.intent.REPORT
ADDED from AndroidManifest.xml:78:13
action#cn.jpush.android.intent.REGISTER
ADDED from AndroidManifest.xml:79:17
	android:name
		ADDED from AndroidManifest.xml:79:25
action#cn.jpush.android.intent.REPORT
ADDED from AndroidManifest.xml:80:17
	android:name
		ADDED from AndroidManifest.xml:80:25
action#cn.jpush.android.intent.PushService
ADDED from AndroidManifest.xml:81:17
	android:name
		ADDED from AndroidManifest.xml:81:25
action#cn.jpush.android.intent.PUSH_TIME
ADDED from AndroidManifest.xml:82:17
	android:name
		ADDED from AndroidManifest.xml:82:25
receiver#cn.jpush.android.service.PushReceiver
ADDED from AndroidManifest.xml:87:9
	android:enabled
		ADDED from AndroidManifest.xml:89:13
	android:name
		ADDED from AndroidManifest.xml:88:13
intent-filter#cn.jpush.android.intent.NOTIFICATION_RECEIVED_PROXY+com.shj.jpushdemo
ADDED from AndroidManifest.xml:90:13
	android:priority
		ADDED from AndroidManifest.xml:90:28
action#cn.jpush.android.intent.NOTIFICATION_RECEIVED_PROXY
ADDED from AndroidManifest.xml:91:17
	android:name
		ADDED from AndroidManifest.xml:91:25
intent-filter#android.intent.action.USER_PRESENT+android.net.conn.CONNECTIVITY_CHANGE
ADDED from AndroidManifest.xml:96:13
action#android.intent.action.USER_PRESENT
ADDED from AndroidManifest.xml:97:17
	android:name
		ADDED from AndroidManifest.xml:97:25
action#android.net.conn.CONNECTIVITY_CHANGE
ADDED from AndroidManifest.xml:98:17
	android:name
		ADDED from AndroidManifest.xml:98:25
intent-filter#android.intent.action.PACKAGE_ADDED+android.intent.action.PACKAGE_REMOVED
ADDED from AndroidManifest.xml:102:13
action#android.intent.action.PACKAGE_ADDED
ADDED from AndroidManifest.xml:103:17
	android:name
		ADDED from AndroidManifest.xml:103:25
action#android.intent.action.PACKAGE_REMOVED
ADDED from AndroidManifest.xml:104:17
	android:name
		ADDED from AndroidManifest.xml:104:25
data
ADDED from AndroidManifest.xml:106:17
	android:scheme
		ADDED from AndroidManifest.xml:106:23
receiver#cn.jpush.android.service.AlarmReceiver
ADDED from AndroidManifest.xml:111:9
	android:name
		ADDED from AndroidManifest.xml:111:19
receiver#com.shj.jpushdemo.MyReceiver
ADDED from AndroidManifest.xml:114:9
	android:enabled
		ADDED from AndroidManifest.xml:116:13
	android:name
		ADDED from AndroidManifest.xml:115:13
intent-filter#cn.jpush.android.intent.ACTION_RICHPUSH_CALLBACK+cn.jpush.android.intent.CONNECTION+cn.jpush.android.intent.MESSAGE_RECEIVED+cn.jpush.android.intent.NOTIFICATION_OPENED+cn.jpush.android.intent.NOTIFICATION_RECEIVED+cn.jpush.android.intent.REGISTRATION+cn.jpush.android.intent.UNREGISTRATION+com.shj.jpushdemo
ADDED from AndroidManifest.xml:117:13
action#cn.jpush.android.intent.REGISTRATION
ADDED from AndroidManifest.xml:118:17
	android:name
		ADDED from AndroidManifest.xml:118:25
action#cn.jpush.android.intent.UNREGISTRATION
ADDED from AndroidManifest.xml:121:17
	android:name
		ADDED from AndroidManifest.xml:121:25
action#cn.jpush.android.intent.MESSAGE_RECEIVED
ADDED from AndroidManifest.xml:122:17
	android:name
		ADDED from AndroidManifest.xml:122:25
action#cn.jpush.android.intent.NOTIFICATION_RECEIVED
ADDED from AndroidManifest.xml:125:17
	android:name
		ADDED from AndroidManifest.xml:125:25
action#cn.jpush.android.intent.NOTIFICATION_OPENED
ADDED from AndroidManifest.xml:128:17
	android:name
		ADDED from AndroidManifest.xml:128:25
action#cn.jpush.android.intent.ACTION_RICHPUSH_CALLBACK
ADDED from AndroidManifest.xml:131:17
	android:name
		ADDED from AndroidManifest.xml:131:25
action#cn.jpush.android.intent.CONNECTION
ADDED from AndroidManifest.xml:134:17
	android:name
		ADDED from AndroidManifest.xml:134:25
meta-data#JPUSH_CHANNEL
ADDED from AndroidManifest.xml:142:9
	android:name
		ADDED from AndroidManifest.xml:143:13
	android:value
		ADDED from AndroidManifest.xml:144:13
meta-data#JPUSH_APPKEY
ADDED from AndroidManifest.xml:145:9
	android:name
		ADDED from AndroidManifest.xml:146:13
	android:value
		ADDED from AndroidManifest.xml:147:13